[
    {
        "content": "<p>I have a <a href=\"https://github.com/isaacvando/gob\">program</a> where the tests pass and <code>roc check</code> works, but when I do <code>roc build</code> I get </p>\n<div class=\"codehilite\"><pre><span></span><code>thread &#39;main&#39; panicked at &#39;Error in alias analysis: error in module ModName(&quot;UserApp&quot;), function definition FuncName(&quot;\\x18\\x00\\x00\\x00\\t\\x00\\x00\\x00ib\\xf5\\xe0\\x1a\\x9f\\x80\\xb7&quot;), definition of value binding ValueId(7): could not find func in module ModName(&quot;UserApp&quot;) with name FuncName(&quot;\\x18\\x00\\x00\\x00\\x99\\x00\\x00\\x00\\xe2\\xe7\\x0b\\xc3\\xc7\\xdc#%&quot;)&#39;, crates/compiler/gen_llvm/src/llvm/build.rs:5743:19\nstack backtrace:\n   0:        0x1059f7c00 - __mh_execute_header\n   1:        0x104fafc2c - __mh_execute_header\n   2:        0x1059f3a28 - __mh_execute_header\n   3:        0x1059f7a18 - __mh_execute_header\n   4:        0x1059fb754 - __mh_execute_header\n   5:        0x1059fb500 - __mh_execute_header\n   6:        0x1059fbd38 - __mh_execute_header\n   7:        0x1059fbb24 - __mh_execute_header\n   8:        0x1059fa6c0 - __mh_execute_header\n   9:        0x1059fb8d8 - __mh_execute_header\n  10:        0x10840d570 - __ZN4llvm15SmallVectorBaseIyE8grow_podEPvmm\n  11:        0x105416270 - __mh_execute_header\n  12:        0x105410b60 - __mh_execute_header\n  13:        0x105166b34 - __mh_execute_header\n  14:        0x10516a564 - __mh_execute_header\n  15:        0x105168fd0 - __mh_execute_header\n  16:        0x10522eabc - __mh_execute_header\n  17:        0x10513d764 - __mh_execute_header\n  18:        0x1051322b4 - __mh_execute_header\n  19:        0x1051322d8 - __mh_execute_header\n  20:        0x1059ec880 - __mh_execute_header\n  21:        0x10513f404 - __mh_execute_header\n</code></pre></div>\n<p>I thought removing some type annotations might fix this, but unfortunately, when I do that, check and build both hang.</p>\n<p>Any suggestions?</p>",
        "id": 410761838,
        "sender_full_name": "Isaac Van Doren",
        "timestamp": 1704145600
    },
    {
        "content": "<p>If I comment out this <a href=\"https://github.com/isaacvando/gob/blob/72c77ccf4b710907037a550f5ef05fa5c8145ad9/main.roc#L151\">line</a> alone that is enough to get roc check/build to hang</p>",
        "id": 410761873,
        "sender_full_name": "Isaac Van Doren",
        "timestamp": 1704145654
    },
    {
        "content": "<p>Every time I have seen the <code>Error in alias analysis</code> part I think it has been an issue related to LambdaSets. I'm not sure if that is what is going on here. In my experience there is usually another way to structure the program to achieve the same outcome without this issue.</p>",
        "id": 410764248,
        "sender_full_name": "Luke Boswell",
        "timestamp": 1704147868
    },
    {
        "content": "<p>Maybe this is worth putting in a different thread, but there's another bug that is occurring in the function whose type signature is causing the issue above (on the previous commit which does build). </p>\n<p>This is the smallest reproduction I could come up with. The expect sometimes succeeds and sometimes fails with result being <code>[Number 4]</code>,  or a value similar to <code>[Number 4966104036]</code>.</p>\n<div class=\"codehilite\"><pre><span></span><code>Term : [\n    Number I64,\n    Quotation (List Term),\n]\n\nstepBuiltin : List Term -&gt; List Term\nstepBuiltin = \\stack -&gt;\n    when stack is\n        [.., Number x, Number y] -&gt;\n            # dbg stack\n            [Number (x + y)]\n\n        _ -&gt; []\n\nexpect\n    result = stepBuiltin [Number 4, Number 8]\n    result == [Number 12]\n</code></pre></div>\n<p>If you uncomment the dbg in that position specifically, it makes the expect pass every time. </p>\n<p>I assume this is related to recursive types and lambda sets, so I know there may not be an easy solution, but perhaps the example is helpful.</p>",
        "id": 410785893,
        "sender_full_name": "Isaac Van Doren",
        "timestamp": 1704163617
    }
]